NOTE: Picked up JDK_JAVA_OPTIONS:  --add-opens=java.base/java.lang=ALL-UNNAMED --add-opens=java.base/java.io=ALL-UNNAMED --add-opens=java.rmi/sun.rmi.transport=ALL-UNNAMED
22-Oct-2020 09:22:27.288 INFO [main] org.apache.catalina.startup.VersionLoggerListener.log Server version name:   Apache Tomcat/9.0.39
22-Oct-2020 09:22:27.291 INFO [main] org.apache.catalina.startup.VersionLoggerListener.log Server built:          Oct 6 2020 14:11:46 UTC
22-Oct-2020 09:22:27.291 INFO [main] org.apache.catalina.startup.VersionLoggerListener.log Server version number: 9.0.39.0
22-Oct-2020 09:22:27.291 INFO [main] org.apache.catalina.startup.VersionLoggerListener.log OS Name:               Mac OS X
22-Oct-2020 09:22:27.291 INFO [main] org.apache.catalina.startup.VersionLoggerListener.log OS Version:            10.15.7
22-Oct-2020 09:22:27.291 INFO [main] org.apache.catalina.startup.VersionLoggerListener.log Architecture:          x86_64
22-Oct-2020 09:22:27.291 INFO [main] org.apache.catalina.startup.VersionLoggerListener.log Java Home:             /Library/Java/JavaVirtualMachines/jdk-15.jdk/Contents/Home
22-Oct-2020 09:22:27.291 INFO [main] org.apache.catalina.startup.VersionLoggerListener.log JVM Version:           15+36-1562
22-Oct-2020 09:22:27.291 INFO [main] org.apache.catalina.startup.VersionLoggerListener.log JVM Vendor:            Oracle Corporation
22-Oct-2020 09:22:27.291 INFO [main] org.apache.catalina.startup.VersionLoggerListener.log CATALINA_BASE:         /Users/paiva/Documents/Universidade/Engenharia Informática/3º Ano/1º Semestre/IES/ies/pratica/lab_2/apache-tomcat-9.0.39
22-Oct-2020 09:22:27.292 INFO [main] org.apache.catalina.startup.VersionLoggerListener.log CATALINA_HOME:         /Users/paiva/Documents/Universidade/Engenharia Informática/3º Ano/1º Semestre/IES/ies/pratica/lab_2/apache-tomcat-9.0.39
22-Oct-2020 09:22:27.451 INFO [main] org.apache.catalina.startup.VersionLoggerListener.log Command line argument: --add-opens=java.base/java.lang=ALL-UNNAMED
22-Oct-2020 09:22:27.451 INFO [main] org.apache.catalina.startup.VersionLoggerListener.log Command line argument: --add-opens=java.base/java.io=ALL-UNNAMED
22-Oct-2020 09:22:27.451 INFO [main] org.apache.catalina.startup.VersionLoggerListener.log Command line argument: --add-opens=java.rmi/sun.rmi.transport=ALL-UNNAMED
22-Oct-2020 09:22:27.451 INFO [main] org.apache.catalina.startup.VersionLoggerListener.log Command line argument: -Djava.util.logging.config.file=/Users/paiva/Documents/Universidade/Engenharia Informática/3º Ano/1º Semestre/IES/ies/pratica/lab_2/apache-tomcat-9.0.39/conf/logging.properties
22-Oct-2020 09:22:27.452 INFO [main] org.apache.catalina.startup.VersionLoggerListener.log Command line argument: -Djava.util.logging.manager=org.apache.juli.ClassLoaderLogManager
22-Oct-2020 09:22:27.452 INFO [main] org.apache.catalina.startup.VersionLoggerListener.log Command line argument: -Djdk.tls.ephemeralDHKeySize=2048
22-Oct-2020 09:22:27.452 INFO [main] org.apache.catalina.startup.VersionLoggerListener.log Command line argument: -Djava.protocol.handler.pkgs=org.apache.catalina.webresources
22-Oct-2020 09:22:27.452 INFO [main] org.apache.catalina.startup.VersionLoggerListener.log Command line argument: -Dorg.apache.catalina.security.SecurityListener.UMASK=0027
22-Oct-2020 09:22:27.452 INFO [main] org.apache.catalina.startup.VersionLoggerListener.log Command line argument: -Dignore.endorsed.dirs=
22-Oct-2020 09:22:27.452 INFO [main] org.apache.catalina.startup.VersionLoggerListener.log Command line argument: -Dcatalina.base=/Users/paiva/Documents/Universidade/Engenharia Informática/3º Ano/1º Semestre/IES/ies/pratica/lab_2/apache-tomcat-9.0.39
22-Oct-2020 09:22:27.452 INFO [main] org.apache.catalina.startup.VersionLoggerListener.log Command line argument: -Dcatalina.home=/Users/paiva/Documents/Universidade/Engenharia Informática/3º Ano/1º Semestre/IES/ies/pratica/lab_2/apache-tomcat-9.0.39
22-Oct-2020 09:22:27.452 INFO [main] org.apache.catalina.startup.VersionLoggerListener.log Command line argument: -Djava.io.tmpdir=/Users/paiva/Documents/Universidade/Engenharia Informática/3º Ano/1º Semestre/IES/ies/pratica/lab_2/apache-tomcat-9.0.39/temp
22-Oct-2020 09:22:27.455 INFO [main] org.apache.catalina.core.AprLifecycleListener.lifecycleEvent The Apache Tomcat Native library which allows using OpenSSL was not found on the java.library.path: [/Users/paiva/Library/Java/Extensions:/Library/Java/Extensions:/Network/Library/Java/Extensions:/System/Library/Java/Extensions:/usr/lib/java:.]
22-Oct-2020 09:22:27.672 INFO [main] org.apache.coyote.AbstractProtocol.init Initializing ProtocolHandler ["http-nio-8080"]
22-Oct-2020 09:22:27.708 INFO [main] org.apache.catalina.startup.Catalina.load Server initialization in [570] milliseconds
22-Oct-2020 09:22:27.734 INFO [main] org.apache.catalina.core.StandardService.startInternal Starting service [Catalina]
22-Oct-2020 09:22:27.735 INFO [main] org.apache.catalina.core.StandardEngine.startInternal Starting Servlet engine: [Apache Tomcat/9.0.39]
22-Oct-2020 09:22:27.740 INFO [main] org.apache.catalina.startup.HostConfig.deployDirectory Deploying web application directory [/Users/paiva/Documents/Universidade/Engenharia Informática/3º Ano/1º Semestre/IES/ies/pratica/lab_2/apache-tomcat-9.0.39/webapps/docs]
22-Oct-2020 09:22:27.914 INFO [main] org.apache.catalina.startup.HostConfig.deployDirectory Deployment of web application directory [/Users/paiva/Documents/Universidade/Engenharia Informática/3º Ano/1º Semestre/IES/ies/pratica/lab_2/apache-tomcat-9.0.39/webapps/docs] has finished in [173] ms
22-Oct-2020 09:22:27.914 INFO [main] org.apache.catalina.startup.HostConfig.deployDirectory Deploying web application directory [/Users/paiva/Documents/Universidade/Engenharia Informática/3º Ano/1º Semestre/IES/ies/pratica/lab_2/apache-tomcat-9.0.39/webapps/manager]
22-Oct-2020 09:22:27.946 INFO [main] org.apache.catalina.startup.HostConfig.deployDirectory Deployment of web application directory [/Users/paiva/Documents/Universidade/Engenharia Informática/3º Ano/1º Semestre/IES/ies/pratica/lab_2/apache-tomcat-9.0.39/webapps/manager] has finished in [32] ms
22-Oct-2020 09:22:27.946 INFO [main] org.apache.catalina.startup.HostConfig.deployDirectory Deploying web application directory [/Users/paiva/Documents/Universidade/Engenharia Informática/3º Ano/1º Semestre/IES/ies/pratica/lab_2/apache-tomcat-9.0.39/webapps/examples]
22-Oct-2020 09:22:28.161 INFO [main] org.apache.catalina.startup.HostConfig.deployDirectory Deployment of web application directory [/Users/paiva/Documents/Universidade/Engenharia Informática/3º Ano/1º Semestre/IES/ies/pratica/lab_2/apache-tomcat-9.0.39/webapps/examples] has finished in [214] ms
22-Oct-2020 09:22:28.161 INFO [main] org.apache.catalina.startup.HostConfig.deployDirectory Deploying web application directory [/Users/paiva/Documents/Universidade/Engenharia Informática/3º Ano/1º Semestre/IES/ies/pratica/lab_2/apache-tomcat-9.0.39/webapps/ROOT]
22-Oct-2020 09:22:28.176 INFO [main] org.apache.catalina.startup.HostConfig.deployDirectory Deployment of web application directory [/Users/paiva/Documents/Universidade/Engenharia Informática/3º Ano/1º Semestre/IES/ies/pratica/lab_2/apache-tomcat-9.0.39/webapps/ROOT] has finished in [15] ms
22-Oct-2020 09:22:28.176 INFO [main] org.apache.catalina.startup.HostConfig.deployDirectory Deploying web application directory [/Users/paiva/Documents/Universidade/Engenharia Informática/3º Ano/1º Semestre/IES/ies/pratica/lab_2/apache-tomcat-9.0.39/webapps/host-manager]
22-Oct-2020 09:22:28.192 INFO [main] org.apache.catalina.startup.HostConfig.deployDirectory Deployment of web application directory [/Users/paiva/Documents/Universidade/Engenharia Informática/3º Ano/1º Semestre/IES/ies/pratica/lab_2/apache-tomcat-9.0.39/webapps/host-manager] has finished in [16] ms
22-Oct-2020 09:22:28.194 INFO [main] org.apache.coyote.AbstractProtocol.start Starting ProtocolHandler ["http-nio-8080"]
22-Oct-2020 09:22:28.199 INFO [main] org.apache.catalina.startup.Catalina.start Server startup in [490] milliseconds
22-Oct-2020 09:28:38.375 INFO [Catalina-utility-1] org.apache.catalina.users.MemoryUserDatabase.backgroundProcess Reloading memory user database [UserDatabase] from updated source [file:/Users/paiva/Documents/Universidade/Engenharia%20Informática/3º%20Ano/1º%20Semestre/IES/ies/pratica/lab_2/apache-tomcat-9.0.39/conf/tomcat-users.xml]
NOTE: Picked up JDK_JAVA_OPTIONS:  --add-opens=java.base/java.lang=ALL-UNNAMED --add-opens=java.base/java.io=ALL-UNNAMED --add-opens=java.rmi/sun.rmi.transport=ALL-UNNAMED
22-Oct-2020 09:28:40.738 INFO [main] org.apache.catalina.startup.VersionLoggerListener.log Server version name:   Apache Tomcat/9.0.39
22-Oct-2020 09:28:40.740 INFO [main] org.apache.catalina.startup.VersionLoggerListener.log Server built:          Oct 6 2020 14:11:46 UTC
22-Oct-2020 09:28:40.740 INFO [main] org.apache.catalina.startup.VersionLoggerListener.log Server version number: 9.0.39.0
22-Oct-2020 09:28:40.740 INFO [main] org.apache.catalina.startup.VersionLoggerListener.log OS Name:               Mac OS X
22-Oct-2020 09:28:40.741 INFO [main] org.apache.catalina.startup.VersionLoggerListener.log OS Version:            10.15.7
22-Oct-2020 09:28:40.741 INFO [main] org.apache.catalina.startup.VersionLoggerListener.log Architecture:          x86_64
22-Oct-2020 09:28:40.741 INFO [main] org.apache.catalina.startup.VersionLoggerListener.log Java Home:             /Library/Java/JavaVirtualMachines/jdk-15.jdk/Contents/Home
22-Oct-2020 09:28:40.741 INFO [main] org.apache.catalina.startup.VersionLoggerListener.log JVM Version:           15+36-1562
22-Oct-2020 09:28:40.741 INFO [main] org.apache.catalina.startup.VersionLoggerListener.log JVM Vendor:            Oracle Corporation
22-Oct-2020 09:28:40.741 INFO [main] org.apache.catalina.startup.VersionLoggerListener.log CATALINA_BASE:         /Users/paiva/Documents/Universidade/Engenharia Informática/3º Ano/1º Semestre/IES/ies/pratica/lab_2/apache-tomcat-9.0.39
22-Oct-2020 09:28:40.742 INFO [main] org.apache.catalina.startup.VersionLoggerListener.log CATALINA_HOME:         /Users/paiva/Documents/Universidade/Engenharia Informática/3º Ano/1º Semestre/IES/ies/pratica/lab_2/apache-tomcat-9.0.39
22-Oct-2020 09:28:40.753 INFO [main] org.apache.catalina.startup.VersionLoggerListener.log Command line argument: --add-opens=java.base/java.lang=ALL-UNNAMED
22-Oct-2020 09:28:40.753 INFO [main] org.apache.catalina.startup.VersionLoggerListener.log Command line argument: --add-opens=java.base/java.io=ALL-UNNAMED
22-Oct-2020 09:28:40.754 INFO [main] org.apache.catalina.startup.VersionLoggerListener.log Command line argument: --add-opens=java.rmi/sun.rmi.transport=ALL-UNNAMED
22-Oct-2020 09:28:40.754 INFO [main] org.apache.catalina.startup.VersionLoggerListener.log Command line argument: -Djava.util.logging.config.file=/Users/paiva/Documents/Universidade/Engenharia Informática/3º Ano/1º Semestre/IES/ies/pratica/lab_2/apache-tomcat-9.0.39/conf/logging.properties
22-Oct-2020 09:28:40.754 INFO [main] org.apache.catalina.startup.VersionLoggerListener.log Command line argument: -Djava.util.logging.manager=org.apache.juli.ClassLoaderLogManager
22-Oct-2020 09:28:40.754 INFO [main] org.apache.catalina.startup.VersionLoggerListener.log Command line argument: -Djdk.tls.ephemeralDHKeySize=2048
22-Oct-2020 09:28:40.754 INFO [main] org.apache.catalina.startup.VersionLoggerListener.log Command line argument: -Djava.protocol.handler.pkgs=org.apache.catalina.webresources
22-Oct-2020 09:28:40.754 INFO [main] org.apache.catalina.startup.VersionLoggerListener.log Command line argument: -Dorg.apache.catalina.security.SecurityListener.UMASK=0027
22-Oct-2020 09:28:40.754 INFO [main] org.apache.catalina.startup.VersionLoggerListener.log Command line argument: -Dignore.endorsed.dirs=
22-Oct-2020 09:28:40.754 INFO [main] org.apache.catalina.startup.VersionLoggerListener.log Command line argument: -Dcatalina.base=/Users/paiva/Documents/Universidade/Engenharia Informática/3º Ano/1º Semestre/IES/ies/pratica/lab_2/apache-tomcat-9.0.39
22-Oct-2020 09:28:40.754 INFO [main] org.apache.catalina.startup.VersionLoggerListener.log Command line argument: -Dcatalina.home=/Users/paiva/Documents/Universidade/Engenharia Informática/3º Ano/1º Semestre/IES/ies/pratica/lab_2/apache-tomcat-9.0.39
22-Oct-2020 09:28:40.755 INFO [main] org.apache.catalina.startup.VersionLoggerListener.log Command line argument: -Djava.io.tmpdir=/Users/paiva/Documents/Universidade/Engenharia Informática/3º Ano/1º Semestre/IES/ies/pratica/lab_2/apache-tomcat-9.0.39/temp
22-Oct-2020 09:28:40.756 INFO [main] org.apache.catalina.core.AprLifecycleListener.lifecycleEvent The Apache Tomcat Native library which allows using OpenSSL was not found on the java.library.path: [/Users/paiva/Library/Java/Extensions:/Library/Java/Extensions:/Network/Library/Java/Extensions:/System/Library/Java/Extensions:/usr/lib/java:.]
22-Oct-2020 09:28:40.969 INFO [main] org.apache.coyote.AbstractProtocol.init Initializing ProtocolHandler ["http-nio-8080"]
22-Oct-2020 09:28:40.994 SEVERE [main] org.apache.catalina.util.LifecycleBase.handleSubClassException Failed to initialize component [Connector[HTTP/1.1-8080]]
	org.apache.catalina.LifecycleException: Protocol handler initialization failed
		at org.apache.catalina.connector.Connector.initInternal(Connector.java:1042)
		at org.apache.catalina.util.LifecycleBase.init(LifecycleBase.java:136)
		at org.apache.catalina.core.StandardService.initInternal(StandardService.java:533)
		at org.apache.catalina.util.LifecycleBase.init(LifecycleBase.java:136)
		at org.apache.catalina.core.StandardServer.initInternal(StandardServer.java:1057)
		at org.apache.catalina.util.LifecycleBase.init(LifecycleBase.java:136)
		at org.apache.catalina.startup.Catalina.load(Catalina.java:724)
		at org.apache.catalina.startup.Catalina.load(Catalina.java:746)
		at java.base/jdk.internal.reflect.NativeMethodAccessorImpl.invoke0(Native Method)
		at java.base/jdk.internal.reflect.NativeMethodAccessorImpl.invoke(NativeMethodAccessorImpl.java:64)
		at java.base/jdk.internal.reflect.DelegatingMethodAccessorImpl.invoke(DelegatingMethodAccessorImpl.java:43)
		at java.base/java.lang.reflect.Method.invoke(Method.java:564)
		at org.apache.catalina.startup.Bootstrap.load(Bootstrap.java:302)
		at org.apache.catalina.startup.Bootstrap.main(Bootstrap.java:472)
	Caused by: java.net.BindException: Address already in use
		at java.base/sun.nio.ch.Net.bind0(Native Method)
		at java.base/sun.nio.ch.Net.bind(Net.java:550)
		at java.base/sun.nio.ch.ServerSocketChannelImpl.bind(ServerSocketChannelImpl.java:249)
		at java.base/sun.nio.ch.ServerSocketAdaptor.bind(ServerSocketAdaptor.java:88)
		at org.apache.tomcat.util.net.NioEndpoint.initServerSocket(NioEndpoint.java:228)
		at org.apache.tomcat.util.net.NioEndpoint.bind(NioEndpoint.java:211)
		at org.apache.tomcat.util.net.AbstractEndpoint.bindWithCleanup(AbstractEndpoint.java:1141)
		at org.apache.tomcat.util.net.AbstractEndpoint.init(AbstractEndpoint.java:1154)
		at org.apache.coyote.AbstractProtocol.init(AbstractProtocol.java:581)
		at org.apache.coyote.http11.AbstractHttp11Protocol.init(AbstractHttp11Protocol.java:75)
		at org.apache.catalina.connector.Connector.initInternal(Connector.java:1039)
		... 13 more
22-Oct-2020 09:28:40.994 INFO [main] org.apache.catalina.startup.Catalina.load Server initialization in [401] milliseconds
22-Oct-2020 09:28:41.024 INFO [main] org.apache.catalina.core.StandardService.startInternal Starting service [Catalina]
22-Oct-2020 09:28:41.024 INFO [main] org.apache.catalina.core.StandardEngine.startInternal Starting Servlet engine: [Apache Tomcat/9.0.39]
22-Oct-2020 09:28:41.030 INFO [main] org.apache.catalina.startup.HostConfig.deployDirectory Deploying web application directory [/Users/paiva/Documents/Universidade/Engenharia Informática/3º Ano/1º Semestre/IES/ies/pratica/lab_2/apache-tomcat-9.0.39/webapps/docs]
22-Oct-2020 09:28:41.259 INFO [main] org.apache.catalina.startup.HostConfig.deployDirectory Deployment of web application directory [/Users/paiva/Documents/Universidade/Engenharia Informática/3º Ano/1º Semestre/IES/ies/pratica/lab_2/apache-tomcat-9.0.39/webapps/docs] has finished in [229] ms
22-Oct-2020 09:28:41.260 INFO [main] org.apache.catalina.startup.HostConfig.deployDirectory Deploying web application directory [/Users/paiva/Documents/Universidade/Engenharia Informática/3º Ano/1º Semestre/IES/ies/pratica/lab_2/apache-tomcat-9.0.39/webapps/manager]
22-Oct-2020 09:28:41.300 INFO [main] org.apache.catalina.startup.HostConfig.deployDirectory Deployment of web application directory [/Users/paiva/Documents/Universidade/Engenharia Informática/3º Ano/1º Semestre/IES/ies/pratica/lab_2/apache-tomcat-9.0.39/webapps/manager] has finished in [40] ms
22-Oct-2020 09:28:41.300 INFO [main] org.apache.catalina.startup.HostConfig.deployDirectory Deploying web application directory [/Users/paiva/Documents/Universidade/Engenharia Informática/3º Ano/1º Semestre/IES/ies/pratica/lab_2/apache-tomcat-9.0.39/webapps/examples]
22-Oct-2020 09:28:41.543 INFO [main] org.apache.catalina.startup.HostConfig.deployDirectory Deployment of web application directory [/Users/paiva/Documents/Universidade/Engenharia Informática/3º Ano/1º Semestre/IES/ies/pratica/lab_2/apache-tomcat-9.0.39/webapps/examples] has finished in [242] ms
22-Oct-2020 09:28:41.543 INFO [main] org.apache.catalina.startup.HostConfig.deployDirectory Deploying web application directory [/Users/paiva/Documents/Universidade/Engenharia Informática/3º Ano/1º Semestre/IES/ies/pratica/lab_2/apache-tomcat-9.0.39/webapps/ROOT]
22-Oct-2020 09:28:41.563 INFO [main] org.apache.catalina.startup.HostConfig.deployDirectory Deployment of web application directory [/Users/paiva/Documents/Universidade/Engenharia Informática/3º Ano/1º Semestre/IES/ies/pratica/lab_2/apache-tomcat-9.0.39/webapps/ROOT] has finished in [19] ms
22-Oct-2020 09:28:41.563 INFO [main] org.apache.catalina.startup.HostConfig.deployDirectory Deploying web application directory [/Users/paiva/Documents/Universidade/Engenharia Informática/3º Ano/1º Semestre/IES/ies/pratica/lab_2/apache-tomcat-9.0.39/webapps/host-manager]
22-Oct-2020 09:28:41.583 INFO [main] org.apache.catalina.startup.HostConfig.deployDirectory Deployment of web application directory [/Users/paiva/Documents/Universidade/Engenharia Informática/3º Ano/1º Semestre/IES/ies/pratica/lab_2/apache-tomcat-9.0.39/webapps/host-manager] has finished in [20] ms
22-Oct-2020 09:28:41.585 INFO [main] org.apache.catalina.startup.Catalina.start Server startup in [590] milliseconds
22-Oct-2020 09:28:41.590 SEVERE [main] org.apache.catalina.core.StandardServer.await Failed to create server shutdown socket on address [localhost] and port [8005] (base port [8005] and offset [0])
	java.net.BindException: Address already in use
		at java.base/sun.nio.ch.Net.bind0(Native Method)
		at java.base/sun.nio.ch.Net.bind(Net.java:550)
		at java.base/sun.nio.ch.Net.bind(Net.java:539)
		at java.base/sun.nio.ch.NioSocketImpl.bind(NioSocketImpl.java:643)
		at java.base/java.net.ServerSocket.bind(ServerSocket.java:396)
		at java.base/java.net.ServerSocket.<init>(ServerSocket.java:282)
		at org.apache.catalina.core.StandardServer.await(StandardServer.java:584)
		at org.apache.catalina.startup.Catalina.await(Catalina.java:864)
		at org.apache.catalina.startup.Catalina.start(Catalina.java:810)
		at java.base/jdk.internal.reflect.NativeMethodAccessorImpl.invoke0(Native Method)
		at java.base/jdk.internal.reflect.NativeMethodAccessorImpl.invoke(NativeMethodAccessorImpl.java:64)
		at java.base/jdk.internal.reflect.DelegatingMethodAccessorImpl.invoke(DelegatingMethodAccessorImpl.java:43)
		at java.base/java.lang.reflect.Method.invoke(Method.java:564)
		at org.apache.catalina.startup.Bootstrap.start(Bootstrap.java:342)
		at org.apache.catalina.startup.Bootstrap.main(Bootstrap.java:473)
22-Oct-2020 09:28:41.590 INFO [main] org.apache.coyote.AbstractProtocol.pause Pausing ProtocolHandler ["http-nio-8080"]
22-Oct-2020 09:28:41.590 INFO [main] org.apache.catalina.core.StandardService.stopInternal Stopping service [Catalina]
22-Oct-2020 09:28:41.607 INFO [main] org.apache.coyote.AbstractProtocol.stop Stopping ProtocolHandler ["http-nio-8080"]
22-Oct-2020 09:28:41.607 INFO [main] org.apache.coyote.AbstractProtocol.destroy Destroying ProtocolHandler ["http-nio-8080"]
22-Oct-2020 09:42:51.279 INFO [http-nio-8080-exec-3] org.apache.catalina.startup.HostConfig.deployWAR Deploying web application archive [/Users/paiva/Documents/Universidade/Engenharia Informática/3º Ano/1º Semestre/IES/ies/pratica/lab_2/apache-tomcat-9.0.39/webapps/aula2.war]
22-Oct-2020 09:42:51.314 INFO [http-nio-8080-exec-3] org.apache.catalina.startup.HostConfig.deployWAR Deployment of web application archive [/Users/paiva/Documents/Universidade/Engenharia Informática/3º Ano/1º Semestre/IES/ies/pratica/lab_2/apache-tomcat-9.0.39/webapps/aula2.war] has finished in [35] ms
